<?xml version="1.0" encoding="UTF-8"?>
<testsuites name="Mocha Tests" time="3.9250" tests="1" failures="0">
  <testsuite name="Root Suite" timestamp="2021-05-26T00:24:51" tests="0" file="cypress/integration/cucumber/notLogin.feature" time="0.0000" failures="0">
  </testsuite>
  <testsuite name="Login with a invalid user" timestamp="2021-05-26T00:24:51" tests="1" time="3.9250" failures="0">
    <testcase name="Login with a invalid user Login" time="3.9250" classname="Login">
    </testcase>
  </testsuite>
</testsuites>